<?xml version="1.0" encoding="UTF-8"?>
<!-- Generated by org.testng.reporters.JUnitReportReporter -->
<testsuite skipped="0" hostname="LAPTOP-SNG10N7O" name="demop.ParallelLogin" tests="2" failures="0" timestamp="10 Jun 2018 15:08:09 GMT" time="44.943" errors="0">
  <testcase name="gm" time="22.138" classname="demop.ParallelLogin"/>
  <testcase name="fb" time="22.805" classname="demop.ParallelLogin"/>
</testsuite> <!-- demop.ParallelLogin -->
