<?xml version="1.0" encoding="UTF-8"?>
<!-- Generated by org.testng.reporters.JUnitReportReporter -->
<testsuite skipped="0" hostname="LAPTOP-SNG10N7O" name="demop.ParallelLogin" tests="2" failures="0" timestamp="10 Jun 2018 14:17:30 GMT" time="48.348" errors="0">
  <testcase name="fb" time="26.591" classname="demop.ParallelLogin"/>
  <testcase name="gm" time="21.757" classname="demop.ParallelLogin"/>
</testsuite> <!-- demop.ParallelLogin -->
