<?xml version="1.0" encoding="UTF-8"?>
<!-- Generated by org.testng.reporters.JUnitReportReporter -->
<testsuite skipped="0" hostname="LAPTOP-SNG10N7O" name="demop.ParallelLogin" tests="2" failures="0" timestamp="10 Jun 2018 14:23:18 GMT" time="37.910" errors="0">
  <testcase name="gm" time="14.828" classname="demop.ParallelLogin"/>
  <testcase name="fb" time="23.082" classname="demop.ParallelLogin"/>
</testsuite> <!-- demop.ParallelLogin -->
