<?xml version="1.0" encoding="UTF-8"?>
<!-- Generated by org.testng.reporters.JUnitReportReporter -->
<testsuite skipped="0" hostname="LAPTOP-SNG10N7O" name="demop.ParallelLogin" tests="2" failures="0" timestamp="10 Jun 2018 15:10:06 GMT" time="43.077" errors="0">
  <testcase name="fb" time="23.079" classname="demop.ParallelLogin"/>
  <testcase name="gm" time="19.998" classname="demop.ParallelLogin"/>
</testsuite> <!-- demop.ParallelLogin -->
